Replace Symbol from P1 Header 2x10 in C:\Users\NeoProg\Desktop\Projects\Hexapod\AIWM_hexapod\hardware\PowerBoard\Connectors.SchDoc with Header 2x10 from connectors.SchLib
Replace Symbol from P2 Header 3 in C:\Users\NeoProg\Desktop\Projects\Hexapod\AIWM_hexapod\hardware\PowerBoard\Connectors.SchDoc with Header 3 from connectors.SchLib
Replace Symbol from P3 Header 3 in C:\Users\NeoProg\Desktop\Projects\Hexapod\AIWM_hexapod\hardware\PowerBoard\Connectors.SchDoc with Header 3 from connectors.SchLib
Replace Symbol from P4 Header 3 in C:\Users\NeoProg\Desktop\Projects\Hexapod\AIWM_hexapod\hardware\PowerBoard\Connectors.SchDoc with Header 3 from connectors.SchLib
Replace Symbol from P5 Header 3 in C:\Users\NeoProg\Desktop\Projects\Hexapod\AIWM_hexapod\hardware\PowerBoard\Connectors.SchDoc with Header 3 from connectors.SchLib
Replace Symbol from P6 Header 2 in C:\Users\NeoProg\Desktop\Projects\Hexapod\AIWM_hexapod\hardware\PowerBoard\Connectors.SchDoc with Header 2 from connectors.SchLib
Replace Symbol from P7 Header 3 in C:\Users\NeoProg\Desktop\Projects\Hexapod\AIWM_hexapod\hardware\PowerBoard\Connectors.SchDoc with Header 3 from connectors.SchLib
Replace Symbol from P8 Header 3 in C:\Users\NeoProg\Desktop\Projects\Hexapod\AIWM_hexapod\hardware\PowerBoard\Connectors.SchDoc with Header 3 from connectors.SchLib
Replace Symbol from P9 Header 5 in C:\Users\NeoProg\Desktop\Projects\Hexapod\AIWM_hexapod\hardware\PowerBoard\Connectors.SchDoc with Header 5 from connectors.SchLib
Replace Symbol from P10 Header 3 in C:\Users\NeoProg\Desktop\Projects\Hexapod\AIWM_hexapod\hardware\PowerBoard\Connectors.SchDoc with Header 3 from connectors.SchLib
Replace Symbol from P11 Header 3 in C:\Users\NeoProg\Desktop\Projects\Hexapod\AIWM_hexapod\hardware\PowerBoard\Connectors.SchDoc with Header 3 from connectors.SchLib
Replace Symbol from P12 Header 3 in C:\Users\NeoProg\Desktop\Projects\Hexapod\AIWM_hexapod\hardware\PowerBoard\Connectors.SchDoc with Header 3 from connectors.SchLib
Replace Symbol from P13 Header 3 in C:\Users\NeoProg\Desktop\Projects\Hexapod\AIWM_hexapod\hardware\PowerBoard\Connectors.SchDoc with Header 3 from connectors.SchLib
Replace Symbol from P14 Header 1 in C:\Users\NeoProg\Desktop\Projects\Hexapod\AIWM_hexapod\hardware\PowerBoard\Connectors.SchDoc with Header 1 from connectors.SchLib
Replace Symbol from P15 Header 1 in C:\Users\NeoProg\Desktop\Projects\Hexapod\AIWM_hexapod\hardware\PowerBoard\Connectors.SchDoc with Header 1 from connectors.SchLib
Replace Symbol from P16 Header 3 in C:\Users\NeoProg\Desktop\Projects\Hexapod\AIWM_hexapod\hardware\PowerBoard\Connectors.SchDoc with Header 3 from connectors.SchLib
Replace Symbol from P17 Header 3 in C:\Users\NeoProg\Desktop\Projects\Hexapod\AIWM_hexapod\hardware\PowerBoard\Connectors.SchDoc with Header 3 from connectors.SchLib
Replace Symbol from P18 Header 2 in C:\Users\NeoProg\Desktop\Projects\Hexapod\AIWM_hexapod\hardware\PowerBoard\Connectors.SchDoc with Header 2 from connectors.SchLib
Replace Symbol from P19 Header 3 in C:\Users\NeoProg\Desktop\Projects\Hexapod\AIWM_hexapod\hardware\PowerBoard\Connectors.SchDoc with Header 3 from connectors.SchLib
Replace Symbol from P20 Header 3 in C:\Users\NeoProg\Desktop\Projects\Hexapod\AIWM_hexapod\hardware\PowerBoard\Connectors.SchDoc with Header 3 from connectors.SchLib
Replace Symbol from P21 Header 2x2 in C:\Users\NeoProg\Desktop\Projects\Hexapod\AIWM_hexapod\hardware\PowerBoard\Connectors.SchDoc with Header 2x2 from connectors.SchLib
Replace Symbol from P22 Header 3 in C:\Users\NeoProg\Desktop\Projects\Hexapod\AIWM_hexapod\hardware\PowerBoard\Connectors.SchDoc with Header 3 from connectors.SchLib
Replace Symbol from P23 Header 3 in C:\Users\NeoProg\Desktop\Projects\Hexapod\AIWM_hexapod\hardware\PowerBoard\Connectors.SchDoc with Header 3 from connectors.SchLib
Replace Symbol from P24 Header 3 in C:\Users\NeoProg\Desktop\Projects\Hexapod\AIWM_hexapod\hardware\PowerBoard\Connectors.SchDoc with Header 3 from connectors.SchLib
Replace Symbol from P25 Header 3 in C:\Users\NeoProg\Desktop\Projects\Hexapod\AIWM_hexapod\hardware\PowerBoard\Connectors.SchDoc with Header 3 from connectors.SchLib
Replace Symbol from R1 Resistor in C:\Users\NeoProg\Desktop\Projects\Hexapod\AIWM_hexapod\hardware\PowerBoard\Connectors.SchDoc with Resistor from passive.SchLib
Replace Symbol from R2 Resistor in C:\Users\NeoProg\Desktop\Projects\Hexapod\AIWM_hexapod\hardware\PowerBoard\Connectors.SchDoc with Resistor from passive.SchLib
Replace Symbol from R3 Resistor in C:\Users\NeoProg\Desktop\Projects\Hexapod\AIWM_hexapod\hardware\PowerBoard\Connectors.SchDoc with Resistor from passive.SchLib
Replace Symbol from R4 Resistor in C:\Users\NeoProg\Desktop\Projects\Hexapod\AIWM_hexapod\hardware\PowerBoard\Connectors.SchDoc with Resistor from passive.SchLib
Replace Symbol from VT1 MOSFET N in C:\Users\NeoProg\Desktop\Projects\Hexapod\AIWM_hexapod\hardware\PowerBoard\Connectors.SchDoc with MOSFET N from active.SchLib
Replace Symbol from X1 Mounting hole in C:\Users\NeoProg\Desktop\Projects\Hexapod\AIWM_hexapod\hardware\PowerBoard\Connectors.SchDoc with Mounting hole from connectors.SchLib
Replace Symbol from X2 Mounting hole in C:\Users\NeoProg\Desktop\Projects\Hexapod\AIWM_hexapod\hardware\PowerBoard\Connectors.SchDoc with Mounting hole from connectors.SchLib
Replace Symbol from X3 Mounting hole in C:\Users\NeoProg\Desktop\Projects\Hexapod\AIWM_hexapod\hardware\PowerBoard\Connectors.SchDoc with Mounting hole from connectors.SchLib
Replace Symbol from X4 Mounting hole in C:\Users\NeoProg\Desktop\Projects\Hexapod\AIWM_hexapod\hardware\PowerBoard\Connectors.SchDoc with Mounting hole from connectors.SchLib
