Replace Symbol from C1 Capacitor in C:\Users\NeoProg\Desktop\Projects\Hexapod\AIWM_hexapod\hardware\PowerBoard\Main DC-DC.SchDoc with Capacitor from passive.SchLib
Replace Symbol from C2 Capacitor in C:\Users\NeoProg\Desktop\Projects\Hexapod\AIWM_hexapod\hardware\PowerBoard\Main DC-DC.SchDoc with Capacitor from passive.SchLib
Replace Symbol from C3 Capacitor polar in C:\Users\NeoProg\Desktop\Projects\Hexapod\AIWM_hexapod\hardware\PowerBoard\Main DC-DC.SchDoc with Capacitor polar from passive.SchLib
Replace Symbol from C4 Capacitor polar in C:\Users\NeoProg\Desktop\Projects\Hexapod\AIWM_hexapod\hardware\PowerBoard\Main DC-DC.SchDoc with Capacitor polar from passive.SchLib
Replace Symbol from C5 Capacitor polar in C:\Users\NeoProg\Desktop\Projects\Hexapod\AIWM_hexapod\hardware\PowerBoard\Main DC-DC.SchDoc with Capacitor polar from passive.SchLib
Replace Symbol from C6 Capacitor polar in C:\Users\NeoProg\Desktop\Projects\Hexapod\AIWM_hexapod\hardware\PowerBoard\Main DC-DC.SchDoc with Capacitor polar from passive.SchLib
Replace Symbol from C7 Capacitor polar in C:\Users\NeoProg\Desktop\Projects\Hexapod\AIWM_hexapod\hardware\PowerBoard\Main DC-DC.SchDoc with Capacitor polar from passive.SchLib
Replace Symbol from C8 Capacitor polar in C:\Users\NeoProg\Desktop\Projects\Hexapod\AIWM_hexapod\hardware\PowerBoard\Main DC-DC.SchDoc with Capacitor polar from passive.SchLib
Replace Symbol from C9 Capacitor polar in C:\Users\NeoProg\Desktop\Projects\Hexapod\AIWM_hexapod\hardware\PowerBoard\Main DC-DC.SchDoc with Capacitor polar from passive.SchLib
Replace Symbol from C10 Capacitor polar in C:\Users\NeoProg\Desktop\Projects\Hexapod\AIWM_hexapod\hardware\PowerBoard\Main DC-DC.SchDoc with Capacitor polar from passive.SchLib
Replace Symbol from C11 Capacitor in C:\Users\NeoProg\Desktop\Projects\Hexapod\AIWM_hexapod\hardware\PowerBoard\Main DC-DC.SchDoc with Capacitor from passive.SchLib
Replace Symbol from C12 Capacitor in C:\Users\NeoProg\Desktop\Projects\Hexapod\AIWM_hexapod\hardware\PowerBoard\Main DC-DC.SchDoc with Capacitor from passive.SchLib
Replace Symbol from C13 Capacitor polar in C:\Users\NeoProg\Desktop\Projects\Hexapod\AIWM_hexapod\hardware\PowerBoard\Main DC-DC.SchDoc with Capacitor polar from passive.SchLib
Replace Symbol from C14 Capacitor polar in C:\Users\NeoProg\Desktop\Projects\Hexapod\AIWM_hexapod\hardware\PowerBoard\Main DC-DC.SchDoc with Capacitor polar from passive.SchLib
Replace Symbol from C15 Capacitor polar in C:\Users\NeoProg\Desktop\Projects\Hexapod\AIWM_hexapod\hardware\PowerBoard\Main DC-DC.SchDoc with Capacitor polar from passive.SchLib
Replace Symbol from C16 Capacitor polar in C:\Users\NeoProg\Desktop\Projects\Hexapod\AIWM_hexapod\hardware\PowerBoard\Main DC-DC.SchDoc with Capacitor polar from passive.SchLib
Replace Symbol from C17 Capacitor polar in C:\Users\NeoProg\Desktop\Projects\Hexapod\AIWM_hexapod\hardware\PowerBoard\Main DC-DC.SchDoc with Capacitor polar from passive.SchLib
Replace Symbol from C18 Capacitor polar in C:\Users\NeoProg\Desktop\Projects\Hexapod\AIWM_hexapod\hardware\PowerBoard\Main DC-DC.SchDoc with Capacitor polar from passive.SchLib
Replace Symbol from C19 Capacitor polar in C:\Users\NeoProg\Desktop\Projects\Hexapod\AIWM_hexapod\hardware\PowerBoard\Main DC-DC.SchDoc with Capacitor polar from passive.SchLib
Replace Symbol from C20 Capacitor polar in C:\Users\NeoProg\Desktop\Projects\Hexapod\AIWM_hexapod\hardware\PowerBoard\Main DC-DC.SchDoc with Capacitor polar from passive.SchLib
Replace Symbol from C21 Capacitor in C:\Users\NeoProg\Desktop\Projects\Hexapod\AIWM_hexapod\hardware\PowerBoard\Main DC-DC.SchDoc with Capacitor from passive.SchLib
Replace Symbol from C22 Capacitor in C:\Users\NeoProg\Desktop\Projects\Hexapod\AIWM_hexapod\hardware\PowerBoard\Main DC-DC.SchDoc with Capacitor from passive.SchLib
Replace Symbol from C23 Capacitor polar in C:\Users\NeoProg\Desktop\Projects\Hexapod\AIWM_hexapod\hardware\PowerBoard\Main DC-DC.SchDoc with Capacitor polar from passive.SchLib
Replace Symbol from C24 Capacitor polar in C:\Users\NeoProg\Desktop\Projects\Hexapod\AIWM_hexapod\hardware\PowerBoard\Main DC-DC.SchDoc with Capacitor polar from passive.SchLib
Replace Symbol from C25 Capacitor polar in C:\Users\NeoProg\Desktop\Projects\Hexapod\AIWM_hexapod\hardware\PowerBoard\Main DC-DC.SchDoc with Capacitor polar from passive.SchLib
Replace Symbol from C26 Capacitor polar in C:\Users\NeoProg\Desktop\Projects\Hexapod\AIWM_hexapod\hardware\PowerBoard\Main DC-DC.SchDoc with Capacitor polar from passive.SchLib
Replace Symbol from C27 Capacitor polar in C:\Users\NeoProg\Desktop\Projects\Hexapod\AIWM_hexapod\hardware\PowerBoard\Main DC-DC.SchDoc with Capacitor polar from passive.SchLib
Replace Symbol from C28 Capacitor polar in C:\Users\NeoProg\Desktop\Projects\Hexapod\AIWM_hexapod\hardware\PowerBoard\Main DC-DC.SchDoc with Capacitor polar from passive.SchLib
Replace Symbol from C29 Capacitor polar in C:\Users\NeoProg\Desktop\Projects\Hexapod\AIWM_hexapod\hardware\PowerBoard\Main DC-DC.SchDoc with Capacitor polar from passive.SchLib
Replace Symbol from C30 Capacitor polar in C:\Users\NeoProg\Desktop\Projects\Hexapod\AIWM_hexapod\hardware\PowerBoard\Main DC-DC.SchDoc with Capacitor polar from passive.SchLib
Replace Symbol from L1 Inductor in C:\Users\NeoProg\Desktop\Projects\Hexapod\AIWM_hexapod\hardware\PowerBoard\Main DC-DC.SchDoc with Inductor from passive.SchLib
Replace Symbol from L2 Inductor in C:\Users\NeoProg\Desktop\Projects\Hexapod\AIWM_hexapod\hardware\PowerBoard\Main DC-DC.SchDoc with Inductor from passive.SchLib
Replace Symbol from L3 Inductor in C:\Users\NeoProg\Desktop\Projects\Hexapod\AIWM_hexapod\hardware\PowerBoard\Main DC-DC.SchDoc with Inductor from passive.SchLib
Replace Symbol from L4 Inductor in C:\Users\NeoProg\Desktop\Projects\Hexapod\AIWM_hexapod\hardware\PowerBoard\Main DC-DC.SchDoc with Inductor from passive.SchLib
Replace Symbol from L5 Inductor in C:\Users\NeoProg\Desktop\Projects\Hexapod\AIWM_hexapod\hardware\PowerBoard\Main DC-DC.SchDoc with Inductor from passive.SchLib
Replace Symbol from L6 Inductor in C:\Users\NeoProg\Desktop\Projects\Hexapod\AIWM_hexapod\hardware\PowerBoard\Main DC-DC.SchDoc with Inductor from passive.SchLib
Replace Symbol from R5 Resistor in C:\Users\NeoProg\Desktop\Projects\Hexapod\AIWM_hexapod\hardware\PowerBoard\Main DC-DC.SchDoc with Resistor from passive.SchLib
Replace Symbol from R6 Resistor in C:\Users\NeoProg\Desktop\Projects\Hexapod\AIWM_hexapod\hardware\PowerBoard\Main DC-DC.SchDoc with Resistor from passive.SchLib
Replace Symbol from R7 Resistor in C:\Users\NeoProg\Desktop\Projects\Hexapod\AIWM_hexapod\hardware\PowerBoard\Main DC-DC.SchDoc with Resistor from passive.SchLib
Replace Symbol from R8 Resistor in C:\Users\NeoProg\Desktop\Projects\Hexapod\AIWM_hexapod\hardware\PowerBoard\Main DC-DC.SchDoc with Resistor from passive.SchLib
Replace Symbol from R9 Resistor in C:\Users\NeoProg\Desktop\Projects\Hexapod\AIWM_hexapod\hardware\PowerBoard\Main DC-DC.SchDoc with Resistor from passive.SchLib
Replace Symbol from R10 Resistor in C:\Users\NeoProg\Desktop\Projects\Hexapod\AIWM_hexapod\hardware\PowerBoard\Main DC-DC.SchDoc with Resistor from passive.SchLib
Replace Symbol from R11 Resistor in C:\Users\NeoProg\Desktop\Projects\Hexapod\AIWM_hexapod\hardware\PowerBoard\Main DC-DC.SchDoc with Resistor from passive.SchLib
Replace Symbol from R12 Resistor in C:\Users\NeoProg\Desktop\Projects\Hexapod\AIWM_hexapod\hardware\PowerBoard\Main DC-DC.SchDoc with Resistor from passive.SchLib
Replace Symbol from R13 Resistor in C:\Users\NeoProg\Desktop\Projects\Hexapod\AIWM_hexapod\hardware\PowerBoard\Main DC-DC.SchDoc with Resistor from passive.SchLib
Replace Symbol from R14 Resistor in C:\Users\NeoProg\Desktop\Projects\Hexapod\AIWM_hexapod\hardware\PowerBoard\Main DC-DC.SchDoc with Resistor from passive.SchLib
Replace Symbol from R15 Resistor in C:\Users\NeoProg\Desktop\Projects\Hexapod\AIWM_hexapod\hardware\PowerBoard\Main DC-DC.SchDoc with Resistor from passive.SchLib
Replace Symbol from R16 Resistor in C:\Users\NeoProg\Desktop\Projects\Hexapod\AIWM_hexapod\hardware\PowerBoard\Main DC-DC.SchDoc with Resistor from passive.SchLib
Replace Symbol from U1 LM2678 in C:\Users\NeoProg\Desktop\Projects\Hexapod\AIWM_hexapod\hardware\PowerBoard\Main DC-DC.SchDoc with LM2678 from power.SchLib
Replace Symbol from U2 LM2678 in C:\Users\NeoProg\Desktop\Projects\Hexapod\AIWM_hexapod\hardware\PowerBoard\Main DC-DC.SchDoc with LM2678 from power.SchLib
Replace Symbol from U3 LM2678 in C:\Users\NeoProg\Desktop\Projects\Hexapod\AIWM_hexapod\hardware\PowerBoard\Main DC-DC.SchDoc with LM2678 from power.SchLib
Replace Symbol from U4 LM2678 in C:\Users\NeoProg\Desktop\Projects\Hexapod\AIWM_hexapod\hardware\PowerBoard\Main DC-DC.SchDoc with LM2678 from power.SchLib
Replace Symbol from U5 LM2678 in C:\Users\NeoProg\Desktop\Projects\Hexapod\AIWM_hexapod\hardware\PowerBoard\Main DC-DC.SchDoc with LM2678 from power.SchLib
Replace Symbol from U6 LM2678 in C:\Users\NeoProg\Desktop\Projects\Hexapod\AIWM_hexapod\hardware\PowerBoard\Main DC-DC.SchDoc with LM2678 from power.SchLib
Replace Symbol from VD1 Schottky in C:\Users\NeoProg\Desktop\Projects\Hexapod\AIWM_hexapod\hardware\PowerBoard\Main DC-DC.SchDoc with Schottky from active.SchLib
Replace Symbol from VD2 Schottky in C:\Users\NeoProg\Desktop\Projects\Hexapod\AIWM_hexapod\hardware\PowerBoard\Main DC-DC.SchDoc with Schottky from active.SchLib
Replace Symbol from VD3 Schottky in C:\Users\NeoProg\Desktop\Projects\Hexapod\AIWM_hexapod\hardware\PowerBoard\Main DC-DC.SchDoc with Schottky from active.SchLib
Replace Symbol from VD4 Schottky in C:\Users\NeoProg\Desktop\Projects\Hexapod\AIWM_hexapod\hardware\PowerBoard\Main DC-DC.SchDoc with Schottky from active.SchLib
Replace Symbol from VD5 Schottky in C:\Users\NeoProg\Desktop\Projects\Hexapod\AIWM_hexapod\hardware\PowerBoard\Main DC-DC.SchDoc with Schottky from active.SchLib
Replace Symbol from VD6 Schottky in C:\Users\NeoProg\Desktop\Projects\Hexapod\AIWM_hexapod\hardware\PowerBoard\Main DC-DC.SchDoc with Schottky from active.SchLib
