Change Physical Footprint: Designator=C1 Old Footprint=C_0805/2012 New Footprint=C_0805/2012
Change Physical Footprint: Designator=C2 Old Footprint=C_0805/2012 New Footprint=C_0805/2012
Change Physical Footprint: Designator=C5 Old Footprint=ECAP_D10.0x10.5 New Footprint=ECAP_D10.0x10.5
Change Physical Footprint: Designator=C7 Old Footprint=ECAP_D10.0x10.5 New Footprint=ECAP_D10.0x10.5
Change Physical Footprint: Designator=C11 Old Footprint=C_0805/2012 New Footprint=C_0805/2012
Change Physical Footprint: Designator=C12 Old Footprint=C_0805/2012 New Footprint=C_0805/2012
Change Physical Footprint: Designator=C15 Old Footprint=ECAP_D10.0x10.5 New Footprint=ECAP_D10.0x10.5
Change Physical Footprint: Designator=C17 Old Footprint=ECAP_D10.0x10.5 New Footprint=ECAP_D10.0x10.5
Change Physical Footprint: Designator=C21 Old Footprint=C_0805/2012 New Footprint=C_0805/2012
Change Physical Footprint: Designator=C22 Old Footprint=C_0805/2012 New Footprint=C_0805/2012
Change Physical Footprint: Designator=C25 Old Footprint=ECAP_D10.0x10.5 New Footprint=ECAP_D10.0x10.5
Change Physical Footprint: Designator=C27 Old Footprint=ECAP_D10.0x10.5 New Footprint=ECAP_D10.0x10.5
Change Physical Footprint: Designator=C31 Old Footprint=C_1206/3216 New Footprint=C_1206/3216
Change Physical Footprint: Designator=C32 Old Footprint=C_1206/3216 New Footprint=C_1206/3216
Change Physical Footprint: Designator=L1 Old Footprint=L_13x13 New Footprint=L_13x13
Change Physical Footprint: Designator=L2 Old Footprint=L_13x13 New Footprint=L_13x13
Change Physical Footprint: Designator=L3 Old Footprint=L_13x13 New Footprint=L_13x13
Change Physical Footprint: Designator=L4 Old Footprint=L_13x13 New Footprint=L_13x13
Change Physical Footprint: Designator=L5 Old Footprint=L_13x13 New Footprint=L_13x13
Change Physical Footprint: Designator=L6 Old Footprint=L_13x13 New Footprint=L_13x13
Change Physical Footprint: Designator=P1 Old Footprint=IDC-20 New Footprint=IDC-20
Change Physical Footprint: Designator=R1 Old Footprint=R_0603/1608 New Footprint=R_0603/1608
Change Physical Footprint: Designator=R2 Old Footprint=R_0603/1608 New Footprint=R_0603/1608
Change Physical Footprint: Designator=R3 Old Footprint=R_0603/1608 New Footprint=R_0603/1608
Change Physical Footprint: Designator=R4 Old Footprint=R_0603/1608 New Footprint=R_0603/1608
Change Physical Footprint: Designator=R5 Old Footprint=R_0805/2012 New Footprint=R_0805/2012
Change Physical Footprint: Designator=R6 Old Footprint=R_0805/2012 New Footprint=R_0805/2012
Change Physical Footprint: Designator=R7 Old Footprint=R_0805/2012 New Footprint=R_0805/2012
Change Physical Footprint: Designator=R8 Old Footprint=R_0805/2012 New Footprint=R_0805/2012
Change Physical Footprint: Designator=R9 Old Footprint=R_0805/2012 New Footprint=R_0805/2012
Change Physical Footprint: Designator=R10 Old Footprint=R_0805/2012 New Footprint=R_0805/2012
Change Physical Footprint: Designator=R11 Old Footprint=R_0805/2012 New Footprint=R_0805/2012
Change Physical Footprint: Designator=R12 Old Footprint=R_0805/2012 New Footprint=R_0805/2012
Change Physical Footprint: Designator=R13 Old Footprint=R_0805/2012 New Footprint=R_0805/2012
Change Physical Footprint: Designator=R14 Old Footprint=R_0805/2012 New Footprint=R_0805/2012
Change Physical Footprint: Designator=R15 Old Footprint=R_0805/2012 New Footprint=R_0805/2012
Change Physical Footprint: Designator=R16 Old Footprint=R_0805/2012 New Footprint=R_0805/2012
Change Physical Footprint: Designator=R17 Old Footprint=R_0603/1608 New Footprint=R_0603/1608
Change Physical Footprint: Designator=R18 Old Footprint=R_0603/1608 New Footprint=R_0603/1608
Change Physical Footprint: Designator=R19 Old Footprint=R_VAR_3.2x3.2_SMD New Footprint=R_VAR_3.2x3.2_SMD
Change Physical Footprint: Designator=U7 Old Footprint=SOT223 New Footprint=SOT223
Change Physical Footprint: Designator=VT1 Old Footprint=SOT223 New Footprint=SOT223
