Change Physical Footprint: Designator=C1 Old Footprint=C_0805/2012 New Footprint=C_0805/2012
Change Physical Footprint: Designator=C2 Old Footprint=C_0805/2012 New Footprint=C_0805/2012
Change Physical Footprint: Designator=C3 Old Footprint=TECAP_TYPE_D New Footprint=TECAP_TYPE_D
Change Physical Footprint: Designator=C4 Old Footprint=TECAP_TYPE_D New Footprint=TECAP_TYPE_D
Change Physical Footprint: Designator=C5 Old Footprint=ECAP_D10.0x10.5 New Footprint=ECAP_D10.0x10.5
Change Physical Footprint: Designator=C6 Old Footprint=TECAP_TYPE_D New Footprint=TECAP_TYPE_D
Change Physical Footprint: Designator=C7 Old Footprint=ECAP_D10.0x10.5 New Footprint=ECAP_D10.0x10.5
Change Physical Footprint: Designator=C8 Old Footprint=TECAP_TYPE_D New Footprint=TECAP_TYPE_D
Change Physical Footprint: Designator=C9 Old Footprint=TECAP_TYPE_D New Footprint=TECAP_TYPE_D
Change Physical Footprint: Designator=C10 Old Footprint=TECAP_TYPE_D New Footprint=TECAP_TYPE_D
Change Physical Footprint: Designator=C11 Old Footprint=C_0805/2012 New Footprint=C_0805/2012
Change Physical Footprint: Designator=C12 Old Footprint=C_0805/2012 New Footprint=C_0805/2012
Change Physical Footprint: Designator=C13 Old Footprint=TECAP_TYPE_D New Footprint=TECAP_TYPE_D
Change Physical Footprint: Designator=C14 Old Footprint=TECAP_TYPE_D New Footprint=TECAP_TYPE_D
Change Physical Footprint: Designator=C15 Old Footprint=ECAP_D10.0x10.5 New Footprint=ECAP_D10.0x10.5
Change Physical Footprint: Designator=C16 Old Footprint=TECAP_TYPE_D New Footprint=TECAP_TYPE_D
Change Physical Footprint: Designator=C17 Old Footprint=ECAP_D10.0x10.5 New Footprint=ECAP_D10.0x10.5
Change Physical Footprint: Designator=C18 Old Footprint=TECAP_TYPE_D New Footprint=TECAP_TYPE_D
Change Physical Footprint: Designator=C19 Old Footprint=TECAP_TYPE_D New Footprint=TECAP_TYPE_D
Change Physical Footprint: Designator=C20 Old Footprint=TECAP_TYPE_D New Footprint=TECAP_TYPE_D
Change Physical Footprint: Designator=C21 Old Footprint=C_0805/2012 New Footprint=C_0805/2012
Change Physical Footprint: Designator=C22 Old Footprint=C_0805/2012 New Footprint=C_0805/2012
Change Physical Footprint: Designator=C23 Old Footprint=TECAP_TYPE_D New Footprint=TECAP_TYPE_D
Change Physical Footprint: Designator=C24 Old Footprint=TECAP_TYPE_D New Footprint=TECAP_TYPE_D
Change Physical Footprint: Designator=C25 Old Footprint=ECAP_D10.0x10.5 New Footprint=ECAP_D10.0x10.5
Change Physical Footprint: Designator=C26 Old Footprint=TECAP_TYPE_D New Footprint=TECAP_TYPE_D
Change Physical Footprint: Designator=C27 Old Footprint=ECAP_D10.0x10.5 New Footprint=ECAP_D10.0x10.5
Change Physical Footprint: Designator=C28 Old Footprint=TECAP_TYPE_D New Footprint=TECAP_TYPE_D
Change Physical Footprint: Designator=C29 Old Footprint=TECAP_TYPE_D New Footprint=TECAP_TYPE_D
Change Physical Footprint: Designator=C30 Old Footprint=TECAP_TYPE_D New Footprint=TECAP_TYPE_D
Change Physical Footprint: Designator=C31 Old Footprint=C_1206/3216 New Footprint=C_1206/3216
Change Physical Footprint: Designator=C32 Old Footprint=C_1206/3216 New Footprint=C_1206/3216
Change Physical Footprint: Designator=L1 Old Footprint=L_13x13 New Footprint=L_13x13
Change Physical Footprint: Designator=L2 Old Footprint=L_13x13 New Footprint=L_13x13
Change Physical Footprint: Designator=L3 Old Footprint=L_13x13 New Footprint=L_13x13
Change Physical Footprint: Designator=L4 Old Footprint=L_13x13 New Footprint=L_13x13
Change Physical Footprint: Designator=L5 Old Footprint=L_13x13 New Footprint=L_13x13
Change Physical Footprint: Designator=L6 Old Footprint=L_13x13 New Footprint=L_13x13
Change Physical Footprint: Designator=P1 Old Footprint=IDC-20 New Footprint=IDC-20
Change Physical Footprint: Designator=P2 Old Footprint=PLS-3 2.54 New Footprint=PLS-3 2.54
Change Physical Footprint: Designator=P3 Old Footprint=PLS-3 2.54 New Footprint=PLS-3 2.54
Change Physical Footprint: Designator=P4 Old Footprint=PLS-3 2.54 New Footprint=PLS-3 2.54
Change Physical Footprint: Designator=P5 Old Footprint=PLS-3 2.54 New Footprint=PLS-3 2.54
Change Physical Footprint: Designator=P6 Old Footprint=PLS-2 2.54 New Footprint=PLS-2 2.54
Change Physical Footprint: Designator=P7 Old Footprint=PLS-3 2.54 New Footprint=PLS-3 2.54
Change Physical Footprint: Designator=P8 Old Footprint=PLS-3 2.54 New Footprint=PLS-3 2.54
Change Physical Footprint: Designator=P9 Old Footprint=PLS-5 2.54 New Footprint=PLS-5 2.54
Change Physical Footprint: Designator=P10 Old Footprint=PLS-3 2.54 New Footprint=PLS-3 2.54
Change Physical Footprint: Designator=P11 Old Footprint=PLS-3 2.54 New Footprint=PLS-3 2.54
Change Physical Footprint: Designator=P12 Old Footprint=PLS-3 2.54 New Footprint=PLS-3 2.54
Change Physical Footprint: Designator=P13 Old Footprint=PLS-3 2.54 New Footprint=PLS-3 2.54
Change Physical Footprint: Designator=P14 Old Footprint=WIRE_SMD_5X5 New Footprint=WIRE_SMD_5X5
Change Physical Footprint: Designator=P15 Old Footprint=WIRE_SMD_5X5 New Footprint=WIRE_SMD_5X5
Change Physical Footprint: Designator=P16 Old Footprint=PLS-3 2.54 New Footprint=PLS-3 2.54
Change Physical Footprint: Designator=P17 Old Footprint=PLS-3 2.54 New Footprint=PLS-3 2.54
Change Physical Footprint: Designator=P18 Old Footprint=PLS-2 2.54 New Footprint=PLS-2 2.54
Change Physical Footprint: Designator=P19 Old Footprint=PLS-3 2.54 New Footprint=PLS-3 2.54
Change Physical Footprint: Designator=P20 Old Footprint=PLS-3 2.54 New Footprint=PLS-3 2.54
Change Physical Footprint: Designator=P21 Old Footprint=PLD-2 2.54 New Footprint=PLD-2 2.54
Change Physical Footprint: Designator=P22 Old Footprint=PLS-3 2.54 New Footprint=PLS-3 2.54
Change Physical Footprint: Designator=P23 Old Footprint=PLS-3 2.54 New Footprint=PLS-3 2.54
Change Physical Footprint: Designator=P24 Old Footprint=PLS-3 2.54 New Footprint=PLS-3 2.54
Change Physical Footprint: Designator=P25 Old Footprint=PLS-3 2.54 New Footprint=PLS-3 2.54
Change Physical Footprint: Designator=R1 Old Footprint=R_0603/1608 New Footprint=R_0603/1608
Change Physical Footprint: Designator=R2 Old Footprint=R_0603/1608 New Footprint=R_0603/1608
Change Physical Footprint: Designator=R3 Old Footprint=R_0603/1608 New Footprint=R_0603/1608
Change Physical Footprint: Designator=R4 Old Footprint=R_0603/1608 New Footprint=R_0603/1608
Change Physical Footprint: Designator=R5 Old Footprint=R_0805/2012 New Footprint=R_0805/2012
Change Physical Footprint: Designator=R6 Old Footprint=R_0805/2012 New Footprint=R_0805/2012
Change Physical Footprint: Designator=R7 Old Footprint=R_0805/2012 New Footprint=R_0805/2012
Change Physical Footprint: Designator=R8 Old Footprint=R_0805/2012 New Footprint=R_0805/2012
Change Physical Footprint: Designator=R9 Old Footprint=R_0805/2012 New Footprint=R_0805/2012
Change Physical Footprint: Designator=R10 Old Footprint=R_0805/2012 New Footprint=R_0805/2012
Change Physical Footprint: Designator=R11 Old Footprint=R_0805/2012 New Footprint=R_0805/2012
Change Physical Footprint: Designator=R12 Old Footprint=R_0805/2012 New Footprint=R_0805/2012
Change Physical Footprint: Designator=R13 Old Footprint=R_0805/2012 New Footprint=R_0805/2012
Change Physical Footprint: Designator=R14 Old Footprint=R_0805/2012 New Footprint=R_0805/2012
Change Physical Footprint: Designator=R15 Old Footprint=R_0805/2012 New Footprint=R_0805/2012
Change Physical Footprint: Designator=R16 Old Footprint=R_0805/2012 New Footprint=R_0805/2012
Change Physical Footprint: Designator=R17 Old Footprint=R_0603/1608 New Footprint=R_0603/1608
Change Physical Footprint: Designator=R18 Old Footprint=R_0603/1608 New Footprint=R_0603/1608
Change Physical Footprint: Designator=R19 Old Footprint=R_VAR_3.2x3.2_SMD New Footprint=R_VAR_3.2x3.2_SMD
Change Physical Footprint: Designator=U1 Old Footprint=TO263-7/D2PAK-7 New Footprint=TO263-7/D2PAK-7
Change Physical Footprint: Designator=U2 Old Footprint=TO263-7/D2PAK-7 New Footprint=TO263-7/D2PAK-7
Change Physical Footprint: Designator=U3 Old Footprint=TO263-7/D2PAK-7 New Footprint=TO263-7/D2PAK-7
Change Physical Footprint: Designator=U4 Old Footprint=TO263-7/D2PAK-7 New Footprint=TO263-7/D2PAK-7
Change Physical Footprint: Designator=U5 Old Footprint=TO263-7/D2PAK-7 New Footprint=TO263-7/D2PAK-7
Change Physical Footprint: Designator=U6 Old Footprint=TO263-7/D2PAK-7 New Footprint=TO263-7/D2PAK-7
Change Physical Footprint: Designator=U7 Old Footprint=SOT223 New Footprint=SOT223
Change Physical Footprint: Designator=VD1 Old Footprint=TO252AA/DPAK New Footprint=TO252AA/DPAK
Change Physical Footprint: Designator=VD2 Old Footprint=TO252AA/DPAK New Footprint=TO252AA/DPAK
Change Physical Footprint: Designator=VD3 Old Footprint=TO252AA/DPAK New Footprint=TO252AA/DPAK
Change Physical Footprint: Designator=VD4 Old Footprint=TO252AA/DPAK New Footprint=TO252AA/DPAK
Change Physical Footprint: Designator=VD5 Old Footprint=TO252AA/DPAK New Footprint=TO252AA/DPAK
Change Physical Footprint: Designator=VD6 Old Footprint=TO252AA/DPAK New Footprint=TO252AA/DPAK
Change Physical Footprint: Designator=VT1 Old Footprint=SOT223 New Footprint=SOT223
Change Physical Footprint: Designator=X1 Old Footprint=HOLE_M3_D6.0/3.5 New Footprint=HOLE_M3_D6.0/3.5
Change Physical Footprint: Designator=X2 Old Footprint=HOLE_M3_D6.0/3.5 New Footprint=HOLE_M3_D6.0/3.5
Change Physical Footprint: Designator=X3 Old Footprint=HOLE_M3_D6.0/3.5 New Footprint=HOLE_M3_D6.0/3.5
Change Physical Footprint: Designator=X4 Old Footprint=HOLE_M3_D6.0/3.5 New Footprint=HOLE_M3_D6.0/3.5
